This file contains any messages produced by compilers while
running configure, to aid debugging if configure makes a mistake.

It was created by FULL-PACKAGE-NAME configure VERSION, which was
generated by GNU Autoconf 2.63.  Invocation command line was

  $ ../configure --prefix=/users/npingel/FLAG/bf/hash/ --with-hashpipe=/users/npingel/FLAG/bf/hash

## --------- ##
## Platform. ##
## --------- ##

hostname = west
uname -m = x86_64
uname -r = 2.6.32-573.12.1.el6.x86_64
uname -s = Linux
uname -v = #1 SMP Mon Nov 23 12:55:32 EST 2015

/usr/bin/uname -p = unknown
/bin/uname -X     = unknown

/bin/arch              = x86_64
/usr/bin/arch -k       = unknown
/usr/convex/getsysinfo = unknown
/usr/bin/hostinfo      = unknown
/bin/machine           = unknown
/usr/bin/oslevel       = unknown
/bin/universe          = unknown

PATH: /users/npingel/FLAG/bf/hash/bin
PATH: /users/npingel/FLAG/bf/dibas/pulsar/bin
PATH: /users/npingel/FLAG/bf/dibas/pulsar/src/presto/bin
PATH: /users/npingel/FLAG/bf/dibas/bin
PATH: /users/npingel/FLAG/bf/dibas/bin/x86_64-linux
PATH: /users/npingel/FLAG/bf/dibas/dibaslibs/bin
PATH: /usr/lib64/qt-3.3/bin
PATH: /usr/kerberos/sbin
PATH: /usr/kerberos/bin
PATH: /bin
PATH: /sbin
PATH: /usr/bin
PATH: /usr/sbin
PATH: /opt/local/bin
PATH: /usr/local/bin
PATH: /usr/X11R6/bin
PATH: /users/npingel/bin
PATH: .


## ----------- ##
## Core tests. ##
## ----------- ##

configure:2094: checking build system type
configure:2112: result: x86_64-unknown-linux-gnu
configure:2134: checking host system type
configure:2149: result: x86_64-unknown-linux-gnu
configure:2219: checking for gcc
configure:2235: found /usr/bin/gcc
configure:2246: result: gcc
configure:2478: checking for C compiler version
configure:2486: gcc --version >&5
gcc (GCC) 4.4.7 20120313 (Red Hat 4.4.7-16)
Copyright (C) 2010 Free Software Foundation, Inc.
This is free software; see the source for copying conditions.  There is NO
warranty; not even for MERCHANTABILITY or FITNESS FOR A PARTICULAR PURPOSE.

configure:2490: $? = 0
configure:2497: gcc -v >&5
Using built-in specs.
Target: x86_64-redhat-linux
Configured with: ../configure --prefix=/usr --mandir=/usr/share/man --infodir=/usr/share/info --with-bugurl=http://bugzilla.redhat.com/bugzilla --enable-bootstrap --enable-shared --enable-threads=posix --enable-checking=release --with-system-zlib --enable-__cxa_atexit --disable-libunwind-exceptions --enable-gnu-unique-object --enable-languages=c,c++,objc,obj-c++,java,fortran,ada --enable-java-awt=gtk --disable-dssi --with-java-home=/usr/lib/jvm/java-1.5.0-gcj-1.5.0.0/jre --enable-libgcj-multifile --enable-java-maintainer-mode --with-ecj-jar=/usr/share/java/eclipse-ecj.jar --disable-libjava-multilib --with-ppl --with-cloog --with-tune=generic --with-arch_32=i686 --build=x86_64-redhat-linux
Thread model: posix
gcc version 4.4.7 20120313 (Red Hat 4.4.7-16) (GCC) 
configure:2501: $? = 0
configure:2508: gcc -V >&5
gcc: '-V' option must have argument
configure:2512: $? = 1
configure:2535: checking for C compiler default output file name
configure:2557: gcc    conftest.c  >&5
configure:2561: $? = 0
configure:2599: result: a.out
configure:2618: checking whether the C compiler works
configure:2628: ./a.out
configure:2632: $? = 0
configure:2651: result: yes
configure:2658: checking whether we are cross compiling
configure:2660: result: no
configure:2663: checking for suffix of executables
configure:2670: gcc -o conftest    conftest.c  >&5
configure:2674: $? = 0
configure:2700: result: 
configure:2706: checking for suffix of object files
configure:2732: gcc -c   conftest.c >&5
configure:2736: $? = 0
configure:2761: result: o
configure:2765: checking whether we are using the GNU C compiler
configure:2794: gcc -c   conftest.c >&5
configure:2801: $? = 0
configure:2818: result: yes
configure:2827: checking whether gcc accepts -g
configure:2857: gcc -c -g  conftest.c >&5
configure:2864: $? = 0
configure:2965: result: yes
configure:2982: checking for gcc option to accept ISO C89
configure:3056: gcc  -c -g -O2  conftest.c >&5
configure:3063: $? = 0
configure:3086: result: none needed
configure:3104: checking for a sed that does not truncate output
configure:3170: result: /bin/sed
configure:3188: checking for grep that handles long lines and -e
configure:3248: result: /bin/grep
configure:3253: checking for egrep
configure:3317: result: /bin/grep -E
configure:3322: checking for fgrep
configure:3386: result: /bin/grep -F
configure:3421: checking for ld used by gcc
configure:3488: result: /usr/bin/ld
configure:3497: checking if the linker (/usr/bin/ld) is GNU ld
configure:3512: result: yes
configure:3524: checking for BSD- or MS-compatible name lister (nm)
configure:3573: result: /usr/bin/nm -B
configure:3691: checking the name lister (/usr/bin/nm -B) interface
configure:3698: gcc -c -g -O2  conftest.c >&5
configure:3701: /usr/bin/nm -B "conftest.o"
configure:3704: output
0000000000000000 B some_variable
configure:3711: result: BSD nm
configure:3714: checking whether ln -s works
configure:3718: result: yes
configure:3726: checking the maximum length of command line arguments
configure:3846: result: 1966080
configure:3863: checking whether the shell understands some XSI constructs
configure:3873: result: yes
configure:3877: checking whether the shell understands "+="
configure:3883: result: yes
configure:3918: checking for /usr/bin/ld option to reload object files
configure:3925: result: -r
configure:3994: checking for objdump
configure:4010: found /usr/bin/objdump
configure:4021: result: objdump
configure:4053: checking how to recognize dependent libraries
configure:4249: result: pass_all
configure:4309: checking for ar
configure:4325: found /usr/bin/ar
configure:4336: result: ar
configure:4414: checking for strip
configure:4430: found /usr/bin/strip
configure:4441: result: strip
configure:4513: checking for ranlib
configure:4529: found /usr/bin/ranlib
configure:4540: result: ranlib
configure:4630: checking command to parse /usr/bin/nm -B output from gcc object
configure:4748: gcc -c -g -O2  conftest.c >&5
configure:4751: $? = 0
configure:4755: /usr/bin/nm -B conftest.o \| sed -n -e 's/^.*[	 ]\([ABCDGIRSTW][ABCDGIRSTW]*\)[	 ][	 ]*\([_A-Za-z][_A-Za-z0-9]*\)$/\1 \2 \2/p' \> conftest.nm
configure:4758: $? = 0
configure:4812: gcc -o conftest -g -O2   conftest.c conftstm.o >&5
configure:4815: $? = 0
configure:4853: result: ok
configure:4949: gcc -c -g -O2  conftest.c >&5
configure:4952: $? = 0
configure:5720: checking how to run the C preprocessor
configure:5760: gcc -E  conftest.c
configure:5767: $? = 0
configure:5798: gcc -E  conftest.c
conftest.c:8:28: error: ac_nonexistent.h: No such file or directory
configure:5805: $? = 1
configure: failed program was:
| /* confdefs.h.  */
| #define PACKAGE_NAME "FULL-PACKAGE-NAME"
| #define PACKAGE_TARNAME "full-package-name"
| #define PACKAGE_VERSION "VERSION"
| #define PACKAGE_STRING "FULL-PACKAGE-NAME VERSION"
| #define PACKAGE_BUGREPORT "BUG-REPORT-ADDRESS"
| /* end confdefs.h.  */
| #include <ac_nonexistent.h>
configure:5838: result: gcc -E
configure:5867: gcc -E  conftest.c
configure:5874: $? = 0
configure:5905: gcc -E  conftest.c
conftest.c:8:28: error: ac_nonexistent.h: No such file or directory
configure:5912: $? = 1
configure: failed program was:
| /* confdefs.h.  */
| #define PACKAGE_NAME "FULL-PACKAGE-NAME"
| #define PACKAGE_TARNAME "full-package-name"
| #define PACKAGE_VERSION "VERSION"
| #define PACKAGE_STRING "FULL-PACKAGE-NAME VERSION"
| #define PACKAGE_BUGREPORT "BUG-REPORT-ADDRESS"
| /* end confdefs.h.  */
| #include <ac_nonexistent.h>
configure:5952: checking for ANSI C header files
configure:5982: gcc -c -g -O2  conftest.c >&5
configure:5989: $? = 0
configure:6088: gcc -o conftest -g -O2   conftest.c  >&5
configure:6092: $? = 0
configure:6098: ./conftest
configure:6102: $? = 0
configure:6120: result: yes
configure:6144: checking for sys/types.h
configure:6165: gcc -c -g -O2  conftest.c >&5
configure:6172: $? = 0
configure:6189: result: yes
configure:6144: checking for sys/stat.h
configure:6165: gcc -c -g -O2  conftest.c >&5
configure:6172: $? = 0
configure:6189: result: yes
configure:6144: checking for stdlib.h
configure:6165: gcc -c -g -O2  conftest.c >&5
configure:6172: $? = 0
configure:6189: result: yes
configure:6144: checking for string.h
configure:6165: gcc -c -g -O2  conftest.c >&5
configure:6172: $? = 0
configure:6189: result: yes
configure:6144: checking for memory.h
configure:6165: gcc -c -g -O2  conftest.c >&5
configure:6172: $? = 0
configure:6189: result: yes
configure:6144: checking for strings.h
configure:6165: gcc -c -g -O2  conftest.c >&5
configure:6172: $? = 0
configure:6189: result: yes
configure:6144: checking for inttypes.h
configure:6165: gcc -c -g -O2  conftest.c >&5
configure:6172: $? = 0
configure:6189: result: yes
configure:6144: checking for stdint.h
configure:6165: gcc -c -g -O2  conftest.c >&5
configure:6172: $? = 0
configure:6189: result: yes
configure:6144: checking for unistd.h
configure:6165: gcc -c -g -O2  conftest.c >&5
configure:6172: $? = 0
configure:6189: result: yes
configure:6207: checking for dlfcn.h
configure:6228: gcc -c -g -O2  conftest.c >&5
configure:6235: $? = 0
configure:6252: result: yes
configure:6438: checking for objdir
configure:6453: result: .libs
configure:6749: checking if gcc supports -fno-rtti -fno-exceptions
configure:6767: gcc -c -g -O2  -fno-rtti -fno-exceptions conftest.c >&5
cc1: warning: command line option "-fno-rtti" is valid for C++/ObjC++ but not for C
configure:6771: $? = 0
configure:6784: result: no
configure:6804: checking for gcc option to produce PIC
configure:7076: result: -fPIC -DPIC
configure:7088: checking if gcc PIC flag -fPIC -DPIC works
configure:7106: gcc -c -g -O2  -fPIC -DPIC -DPIC conftest.c >&5
configure:7110: $? = 0
configure:7123: result: yes
configure:7147: checking if gcc static flag -static works
configure:7175: result: no
configure:7190: checking if gcc supports -c -o file.o
configure:7211: gcc -c -g -O2  -o out/conftest2.o conftest.c >&5
configure:7215: $? = 0
configure:7237: result: yes
configure:7245: checking if gcc supports -c -o file.o
configure:7292: result: yes
configure:7325: checking whether the gcc linker (/usr/bin/ld -m elf_x86_64) supports shared libraries
configure:8399: result: yes
configure:8436: checking whether -lc should be explicitly linked in
configure:8441: gcc -c -g -O2  conftest.c >&5
configure:8444: $? = 0
configure:8459: gcc -shared conftest.o  -v -Wl,-soname -Wl,conftest -o conftest 2\>\&1 \| /bin/grep  -lc  \>/dev/null 2\>\&1
configure:8462: $? = 0
configure:8474: result: no
configure:8638: checking dynamic linker characteristics
configure:9081: gcc -o conftest -g -O2   -Wl,-rpath -Wl,/foo conftest.c  >&5
configure:9088: $? = 0
configure:9324: result: GNU/Linux ld.so
configure:9426: checking how to hardcode library paths into programs
configure:9451: result: immediate
configure:10284: checking whether stripping libraries is possible
configure:10289: result: yes
configure:10324: checking if libtool supports shared libraries
configure:10326: result: yes
configure:10329: checking whether to build shared libraries
configure:10350: result: yes
configure:10353: checking whether to build static libraries
configure:10357: result: yes
configure:10423: checking for a BSD-compatible install
configure:10491: result: /usr/bin/install -c
configure:10502: checking whether build environment is sane
configure:10562: result: yes
configure:10703: checking for a thread-safe mkdir -p
configure:10742: result: /bin/mkdir -p
configure:10755: checking for gawk
configure:10771: found /bin/gawk
configure:10782: result: gawk
configure:10793: checking whether make sets $(MAKE)
configure:10815: result: yes
configure:10845: checking for style of include used by make
configure:10873: result: GNU
configure:10960: checking dependency style of gcc
configure:11070: result: gcc3
configure:11152: checking for gcc
configure:11179: result: gcc
configure:11411: checking for C compiler version
configure:11419: gcc --version >&5
gcc (GCC) 4.4.7 20120313 (Red Hat 4.4.7-16)
Copyright (C) 2010 Free Software Foundation, Inc.
This is free software; see the source for copying conditions.  There is NO
warranty; not even for MERCHANTABILITY or FITNESS FOR A PARTICULAR PURPOSE.

configure:11423: $? = 0
configure:11430: gcc -v >&5
Using built-in specs.
Target: x86_64-redhat-linux
Configured with: ../configure --prefix=/usr --mandir=/usr/share/man --infodir=/usr/share/info --with-bugurl=http://bugzilla.redhat.com/bugzilla --enable-bootstrap --enable-shared --enable-threads=posix --enable-checking=release --with-system-zlib --enable-__cxa_atexit --disable-libunwind-exceptions --enable-gnu-unique-object --enable-languages=c,c++,objc,obj-c++,java,fortran,ada --enable-java-awt=gtk --disable-dssi --with-java-home=/usr/lib/jvm/java-1.5.0-gcj-1.5.0.0/jre --enable-libgcj-multifile --enable-java-maintainer-mode --with-ecj-jar=/usr/share/java/eclipse-ecj.jar --disable-libjava-multilib --with-ppl --with-cloog --with-tune=generic --with-arch_32=i686 --build=x86_64-redhat-linux
Thread model: posix
gcc version 4.4.7 20120313 (Red Hat 4.4.7-16) (GCC) 
configure:11434: $? = 0
configure:11441: gcc -V >&5
gcc: '-V' option must have argument
configure:11445: $? = 1
configure:11448: checking whether we are using the GNU C compiler
configure:11501: result: yes
configure:11510: checking whether gcc accepts -g
configure:11648: result: yes
configure:11665: checking for gcc option to accept ISO C89
configure:11769: result: none needed
configure:11800: checking for hashpipe_databuf_create in -lhashpipe
configure:11835: gcc -o conftest -g -O2   -L/users/npingel/FLAG/bf/hash/lib conftest.c -lhashpipe   >&5
configure:11842: $? = 0
configure:11863: result: yes
configure:11954: checking for /users/npingel/FLAG/bf/hash/include/hashpipe.h
configure:11971: result: yes
configure:12023: checking for pthread_create in -lpthread
configure:12058: gcc -o conftest -g -O2   conftest.c -lpthread   >&5
configure:12065: $? = 0
configure:12086: result: yes
configure:12098: checking for clock_gettime in -lrt
configure:12133: gcc -o conftest -g -O2   conftest.c -lrt  -lpthread  >&5
configure:12140: $? = 0
configure:12161: result: yes
configure:12173: checking for crc32 in -lz
configure:12208: gcc -o conftest -g -O2   conftest.c -lz  -lrt -lpthread  >&5
configure:12215: $? = 0
configure:12236: result: yes
configure:12273: checking netdb.h usability
configure:12290: gcc -c -g -O2  conftest.c >&5
configure:12297: $? = 0
configure:12311: result: yes
configure:12315: checking netdb.h presence
configure:12330: gcc -E  conftest.c
configure:12337: $? = 0
configure:12351: result: yes
configure:12384: checking for netdb.h
configure:12393: result: yes
configure:12262: checking for stdint.h
configure:12269: result: yes
configure:12262: checking for stdlib.h
configure:12269: result: yes
configure:12262: checking for string.h
configure:12269: result: yes
configure:12273: checking sys/socket.h usability
configure:12290: gcc -c -g -O2  conftest.c >&5
configure:12297: $? = 0
configure:12311: result: yes
configure:12315: checking sys/socket.h presence
configure:12330: gcc -E  conftest.c
configure:12337: $? = 0
configure:12351: result: yes
configure:12384: checking for sys/socket.h
configure:12393: result: yes
configure:12273: checking sys/time.h usability
configure:12290: gcc -c -g -O2  conftest.c >&5
configure:12297: $? = 0
configure:12311: result: yes
configure:12315: checking sys/time.h presence
configure:12330: gcc -E  conftest.c
configure:12337: $? = 0
configure:12351: result: yes
configure:12384: checking for sys/time.h
configure:12393: result: yes
configure:12262: checking for unistd.h
configure:12269: result: yes
configure:12273: checking zlib.h usability
configure:12290: gcc -c -g -O2  conftest.c >&5
configure:12297: $? = 0
configure:12311: result: yes
configure:12315: checking zlib.h presence
configure:12330: gcc -E  conftest.c
configure:12337: $? = 0
configure:12351: result: yes
configure:12384: checking for zlib.h
configure:12393: result: yes
configure:12410: checking for inline
configure:12436: gcc -c -g -O2  conftest.c >&5
configure:12443: $? = 0
configure:12461: result: inline
configure:12481: checking for int32_t
configure:12512: gcc -c -g -O2  conftest.c >&5
configure:12519: $? = 0
configure:12548: gcc -c -g -O2  conftest.c >&5
conftest.c: In function 'main':
conftest.c:70: warning: integer overflow in expression
conftest.c:70: error: size of array 'test_array' is negative
configure:12555: $? = 1
configure: failed program was:
| /* confdefs.h.  */
| #define PACKAGE_NAME "FULL-PACKAGE-NAME"
| #define PACKAGE_TARNAME "full-package-name"
| #define PACKAGE_VERSION "VERSION"
| #define PACKAGE_STRING "FULL-PACKAGE-NAME VERSION"
| #define PACKAGE_BUGREPORT "BUG-REPORT-ADDRESS"
| #define STDC_HEADERS 1
| #define HAVE_SYS_TYPES_H 1
| #define HAVE_SYS_STAT_H 1
| #define HAVE_STDLIB_H 1
| #define HAVE_STRING_H 1
| #define HAVE_MEMORY_H 1
| #define HAVE_STRINGS_H 1
| #define HAVE_INTTYPES_H 1
| #define HAVE_STDINT_H 1
| #define HAVE_UNISTD_H 1
| #define HAVE_DLFCN_H 1
| #define LT_OBJDIR ".libs/"
| #define PACKAGE "full-package-name"
| #define VERSION "VERSION"
| #define HAVE_LIBPTHREAD 1
| #define HAVE_LIBRT 1
| #define HAVE_LIBZ 1
| #define HAVE_NETDB_H 1
| #define HAVE_STDINT_H 1
| #define HAVE_STDLIB_H 1
| #define HAVE_STRING_H 1
| #define HAVE_SYS_SOCKET_H 1
| #define HAVE_SYS_TIME_H 1
| #define HAVE_UNISTD_H 1
| #define HAVE_ZLIB_H 1
| /* end confdefs.h.  */
| #include <stdio.h>
| #ifdef HAVE_SYS_TYPES_H
| # include <sys/types.h>
| #endif
| #ifdef HAVE_SYS_STAT_H
| # include <sys/stat.h>
| #endif
| #ifdef STDC_HEADERS
| # include <stdlib.h>
| # include <stddef.h>
| #else
| # ifdef HAVE_STDLIB_H
| #  include <stdlib.h>
| # endif
| #endif
| #ifdef HAVE_STRING_H
| # if !defined STDC_HEADERS && defined HAVE_MEMORY_H
| #  include <memory.h>
| # endif
| # include <string.h>
| #endif
| #ifdef HAVE_STRINGS_H
| # include <strings.h>
| #endif
| #ifdef HAVE_INTTYPES_H
| # include <inttypes.h>
| #endif
| #ifdef HAVE_STDINT_H
| # include <stdint.h>
| #endif
| #ifdef HAVE_UNISTD_H
| # include <unistd.h>
| #endif
| int
| main ()
| {
| static int test_array [1 - 2 * !((int32_t) ((((int32_t) 1 << (32 - 2)) - 1) * 2 + 1)
| 		 < (int32_t) ((((int32_t) 1 << (32 - 2)) - 1) * 2 + 2))];
| test_array [0] = 0
| 
|   ;
|   return 0;
| }
configure:12584: result: yes
configure:12597: checking for int64_t
configure:12628: gcc -c -g -O2  conftest.c >&5
configure:12635: $? = 0
configure:12664: gcc -c -g -O2  conftest.c >&5
conftest.c: In function 'main':
conftest.c:70: warning: integer overflow in expression
conftest.c:70: error: size of array 'test_array' is negative
configure:12671: $? = 1
configure: failed program was:
| /* confdefs.h.  */
| #define PACKAGE_NAME "FULL-PACKAGE-NAME"
| #define PACKAGE_TARNAME "full-package-name"
| #define PACKAGE_VERSION "VERSION"
| #define PACKAGE_STRING "FULL-PACKAGE-NAME VERSION"
| #define PACKAGE_BUGREPORT "BUG-REPORT-ADDRESS"
| #define STDC_HEADERS 1
| #define HAVE_SYS_TYPES_H 1
| #define HAVE_SYS_STAT_H 1
| #define HAVE_STDLIB_H 1
| #define HAVE_STRING_H 1
| #define HAVE_MEMORY_H 1
| #define HAVE_STRINGS_H 1
| #define HAVE_INTTYPES_H 1
| #define HAVE_STDINT_H 1
| #define HAVE_UNISTD_H 1
| #define HAVE_DLFCN_H 1
| #define LT_OBJDIR ".libs/"
| #define PACKAGE "full-package-name"
| #define VERSION "VERSION"
| #define HAVE_LIBPTHREAD 1
| #define HAVE_LIBRT 1
| #define HAVE_LIBZ 1
| #define HAVE_NETDB_H 1
| #define HAVE_STDINT_H 1
| #define HAVE_STDLIB_H 1
| #define HAVE_STRING_H 1
| #define HAVE_SYS_SOCKET_H 1
| #define HAVE_SYS_TIME_H 1
| #define HAVE_UNISTD_H 1
| #define HAVE_ZLIB_H 1
| /* end confdefs.h.  */
| #include <stdio.h>
| #ifdef HAVE_SYS_TYPES_H
| # include <sys/types.h>
| #endif
| #ifdef HAVE_SYS_STAT_H
| # include <sys/stat.h>
| #endif
| #ifdef STDC_HEADERS
| # include <stdlib.h>
| # include <stddef.h>
| #else
| # ifdef HAVE_STDLIB_H
| #  include <stdlib.h>
| # endif
| #endif
| #ifdef HAVE_STRING_H
| # if !defined STDC_HEADERS && defined HAVE_MEMORY_H
| #  include <memory.h>
| # endif
| # include <string.h>
| #endif
| #ifdef HAVE_STRINGS_H
| # include <strings.h>
| #endif
| #ifdef HAVE_INTTYPES_H
| # include <inttypes.h>
| #endif
| #ifdef HAVE_STDINT_H
| # include <stdint.h>
| #endif
| #ifdef HAVE_UNISTD_H
| # include <unistd.h>
| #endif
| int
| main ()
| {
| static int test_array [1 - 2 * !((int64_t) ((((int64_t) 1 << (64 - 2)) - 1) * 2 + 1)
| 		 < (int64_t) ((((int64_t) 1 << (64 - 2)) - 1) * 2 + 2))];
| test_array [0] = 0
| 
|   ;
|   return 0;
| }
configure:12700: result: yes
configure:12712: checking for off_t
configure:12740: gcc -c -g -O2  conftest.c >&5
configure:12747: $? = 0
configure:12774: gcc -c -g -O2  conftest.c >&5
conftest.c: In function 'main':
conftest.c:69: error: expected expression before ')' token
configure:12781: $? = 1
configure: failed program was:
| /* confdefs.h.  */
| #define PACKAGE_NAME "FULL-PACKAGE-NAME"
| #define PACKAGE_TARNAME "full-package-name"
| #define PACKAGE_VERSION "VERSION"
| #define PACKAGE_STRING "FULL-PACKAGE-NAME VERSION"
| #define PACKAGE_BUGREPORT "BUG-REPORT-ADDRESS"
| #define STDC_HEADERS 1
| #define HAVE_SYS_TYPES_H 1
| #define HAVE_SYS_STAT_H 1
| #define HAVE_STDLIB_H 1
| #define HAVE_STRING_H 1
| #define HAVE_MEMORY_H 1
| #define HAVE_STRINGS_H 1
| #define HAVE_INTTYPES_H 1
| #define HAVE_STDINT_H 1
| #define HAVE_UNISTD_H 1
| #define HAVE_DLFCN_H 1
| #define LT_OBJDIR ".libs/"
| #define PACKAGE "full-package-name"
| #define VERSION "VERSION"
| #define HAVE_LIBPTHREAD 1
| #define HAVE_LIBRT 1
| #define HAVE_LIBZ 1
| #define HAVE_NETDB_H 1
| #define HAVE_STDINT_H 1
| #define HAVE_STDLIB_H 1
| #define HAVE_STRING_H 1
| #define HAVE_SYS_SOCKET_H 1
| #define HAVE_SYS_TIME_H 1
| #define HAVE_UNISTD_H 1
| #define HAVE_ZLIB_H 1
| /* end confdefs.h.  */
| #include <stdio.h>
| #ifdef HAVE_SYS_TYPES_H
| # include <sys/types.h>
| #endif
| #ifdef HAVE_SYS_STAT_H
| # include <sys/stat.h>
| #endif
| #ifdef STDC_HEADERS
| # include <stdlib.h>
| # include <stddef.h>
| #else
| # ifdef HAVE_STDLIB_H
| #  include <stdlib.h>
| # endif
| #endif
| #ifdef HAVE_STRING_H
| # if !defined STDC_HEADERS && defined HAVE_MEMORY_H
| #  include <memory.h>
| # endif
| # include <string.h>
| #endif
| #ifdef HAVE_STRINGS_H
| # include <strings.h>
| #endif
| #ifdef HAVE_INTTYPES_H
| # include <inttypes.h>
| #endif
| #ifdef HAVE_STDINT_H
| # include <stdint.h>
| #endif
| #ifdef HAVE_UNISTD_H
| # include <unistd.h>
| #endif
| int
| main ()
| {
| if (sizeof ((off_t)))
| 	  return 0;
|   ;
|   return 0;
| }
configure:12804: result: yes
configure:12816: checking for size_t
configure:12844: gcc -c -g -O2  conftest.c >&5
configure:12851: $? = 0
configure:12878: gcc -c -g -O2  conftest.c >&5
conftest.c: In function 'main':
conftest.c:69: error: expected expression before ')' token
configure:12885: $? = 1
configure: failed program was:
| /* confdefs.h.  */
| #define PACKAGE_NAME "FULL-PACKAGE-NAME"
| #define PACKAGE_TARNAME "full-package-name"
| #define PACKAGE_VERSION "VERSION"
| #define PACKAGE_STRING "FULL-PACKAGE-NAME VERSION"
| #define PACKAGE_BUGREPORT "BUG-REPORT-ADDRESS"
| #define STDC_HEADERS 1
| #define HAVE_SYS_TYPES_H 1
| #define HAVE_SYS_STAT_H 1
| #define HAVE_STDLIB_H 1
| #define HAVE_STRING_H 1
| #define HAVE_MEMORY_H 1
| #define HAVE_STRINGS_H 1
| #define HAVE_INTTYPES_H 1
| #define HAVE_STDINT_H 1
| #define HAVE_UNISTD_H 1
| #define HAVE_DLFCN_H 1
| #define LT_OBJDIR ".libs/"
| #define PACKAGE "full-package-name"
| #define VERSION "VERSION"
| #define HAVE_LIBPTHREAD 1
| #define HAVE_LIBRT 1
| #define HAVE_LIBZ 1
| #define HAVE_NETDB_H 1
| #define HAVE_STDINT_H 1
| #define HAVE_STDLIB_H 1
| #define HAVE_STRING_H 1
| #define HAVE_SYS_SOCKET_H 1
| #define HAVE_SYS_TIME_H 1
| #define HAVE_UNISTD_H 1
| #define HAVE_ZLIB_H 1
| /* end confdefs.h.  */
| #include <stdio.h>
| #ifdef HAVE_SYS_TYPES_H
| # include <sys/types.h>
| #endif
| #ifdef HAVE_SYS_STAT_H
| # include <sys/stat.h>
| #endif
| #ifdef STDC_HEADERS
| # include <stdlib.h>
| # include <stddef.h>
| #else
| # ifdef HAVE_STDLIB_H
| #  include <stdlib.h>
| # endif
| #endif
| #ifdef HAVE_STRING_H
| # if !defined STDC_HEADERS && defined HAVE_MEMORY_H
| #  include <memory.h>
| # endif
| # include <string.h>
| #endif
| #ifdef HAVE_STRINGS_H
| # include <strings.h>
| #endif
| #ifdef HAVE_INTTYPES_H
| # include <inttypes.h>
| #endif
| #ifdef HAVE_STDINT_H
| # include <stdint.h>
| #endif
| #ifdef HAVE_UNISTD_H
| # include <unistd.h>
| #endif
| int
| main ()
| {
| if (sizeof ((size_t)))
| 	  return 0;
|   ;
|   return 0;
| }
configure:12908: result: yes
configure:12921: checking for uint32_t
configure:12952: gcc -c -g -O2  conftest.c >&5
configure:12959: $? = 0
configure:12980: result: yes
configure:12998: checking for uint64_t
configure:13029: gcc -c -g -O2  conftest.c >&5
configure:13036: $? = 0
configure:13057: result: yes
configure:13075: checking for uint8_t
configure:13106: gcc -c -g -O2  conftest.c >&5
configure:13113: $? = 0
configure:13134: result: yes
configure:13158: checking for stdlib.h
configure:13165: result: yes
configure:13304: checking for GNU libc compatible malloc
configure:13338: gcc -o conftest -g -O2   conftest.c -lz -lrt -lpthread  >&5
configure:13342: $? = 0
configure:13348: ./conftest
configure:13352: $? = 0
configure:13369: result: yes
configure:13404: checking for clock_gettime
configure:13460: gcc -o conftest -g -O2   conftest.c -lz -lrt -lpthread  >&5
configure:13467: $? = 0
configure:13489: result: yes
configure:13404: checking for memset
configure:13460: gcc -o conftest -g -O2   conftest.c -lz -lrt -lpthread  >&5
conftest.c:59: warning: conflicting types for built-in function 'memset'
configure:13467: $? = 0
configure:13489: result: yes
configure:13404: checking for socket
configure:13460: gcc -o conftest -g -O2   conftest.c -lz -lrt -lpthread  >&5
configure:13467: $? = 0
configure:13489: result: yes
configure:13404: checking for crc32
configure:13460: gcc -o conftest -g -O2   conftest.c -lz -lrt -lpthread  >&5
configure:13467: $? = 0
configure:13489: result: yes
configure:13630: creating ./config.status

## ---------------------- ##
## Running config.status. ##
## ---------------------- ##

This file was extended by FULL-PACKAGE-NAME config.status VERSION, which was
generated by GNU Autoconf 2.63.  Invocation command line was

  CONFIG_FILES    = 
  CONFIG_HEADERS  = 
  CONFIG_LINKS    = 
  CONFIG_COMMANDS = 
  $ ./config.status 

on west

config.status:1005: creating Makefile
config.status:1005: creating src/Makefile
config.status:1005: creating config.h
config.status:1220: config.h is unchanged
config.status:1272: executing libtool commands
config.status:1272: executing depfiles commands

## ---------------- ##
## Cache variables. ##
## ---------------- ##

ac_cv_build=x86_64-unknown-linux-gnu
ac_cv_c_compiler_gnu=yes
ac_cv_c_inline=inline
ac_cv_c_int32_t=yes
ac_cv_c_int64_t=yes
ac_cv_c_uint32_t=yes
ac_cv_c_uint64_t=yes
ac_cv_c_uint8_t=yes
ac_cv_env_CC_set=
ac_cv_env_CC_value=
ac_cv_env_CFLAGS_set=
ac_cv_env_CFLAGS_value=
ac_cv_env_CPPFLAGS_set=
ac_cv_env_CPPFLAGS_value=
ac_cv_env_CPP_set=
ac_cv_env_CPP_value=
ac_cv_env_LDFLAGS_set=
ac_cv_env_LDFLAGS_value=
ac_cv_env_LIBS_set=
ac_cv_env_LIBS_value=
ac_cv_env_build_alias_set=
ac_cv_env_build_alias_value=
ac_cv_env_host_alias_set=
ac_cv_env_host_alias_value=
ac_cv_env_target_alias_set=
ac_cv_env_target_alias_value=
ac_cv_file__users_npingel_FLAG_bf_hash_include_hashpipe_h=yes
ac_cv_func_clock_gettime=yes
ac_cv_func_crc32=yes
ac_cv_func_malloc_0_nonnull=yes
ac_cv_func_memset=yes
ac_cv_func_socket=yes
ac_cv_header_dlfcn_h=yes
ac_cv_header_inttypes_h=yes
ac_cv_header_memory_h=yes
ac_cv_header_netdb_h=yes
ac_cv_header_stdc=yes
ac_cv_header_stdint_h=yes
ac_cv_header_stdlib_h=yes
ac_cv_header_string_h=yes
ac_cv_header_strings_h=yes
ac_cv_header_sys_socket_h=yes
ac_cv_header_sys_stat_h=yes
ac_cv_header_sys_time_h=yes
ac_cv_header_sys_types_h=yes
ac_cv_header_unistd_h=yes
ac_cv_header_zlib_h=yes
ac_cv_host=x86_64-unknown-linux-gnu
ac_cv_lib_hashpipe_hashpipe_databuf_create=yes
ac_cv_lib_pthread_pthread_create=yes
ac_cv_lib_rt_clock_gettime=yes
ac_cv_lib_z_crc32=yes
ac_cv_objext=o
ac_cv_path_EGREP='/bin/grep -E'
ac_cv_path_FGREP='/bin/grep -F'
ac_cv_path_GREP=/bin/grep
ac_cv_path_SED=/bin/sed
ac_cv_path_install='/usr/bin/install -c'
ac_cv_path_mkdir=/bin/mkdir
ac_cv_prog_AWK=gawk
ac_cv_prog_CPP='gcc -E'
ac_cv_prog_ac_ct_AR=ar
ac_cv_prog_ac_ct_CC=gcc
ac_cv_prog_ac_ct_OBJDUMP=objdump
ac_cv_prog_ac_ct_RANLIB=ranlib
ac_cv_prog_ac_ct_STRIP=strip
ac_cv_prog_cc_c89=
ac_cv_prog_cc_g=yes
ac_cv_prog_make_make_set=yes
ac_cv_type_off_t=yes
ac_cv_type_size_t=yes
am_cv_CC_dependencies_compiler_type=gcc3
lt_cv_deplibs_check_method=pass_all
lt_cv_file_magic_cmd='$MAGIC_CMD'
lt_cv_file_magic_test_file=
lt_cv_ld_reload_flag=-r
lt_cv_nm_interface='BSD nm'
lt_cv_objdir=.libs
lt_cv_path_LD=/usr/bin/ld
lt_cv_path_NM='/usr/bin/nm -B'
lt_cv_prog_compiler_c_o=yes
lt_cv_prog_compiler_pic_works=yes
lt_cv_prog_compiler_rtti_exceptions=no
lt_cv_prog_compiler_static_works=no
lt_cv_prog_gnu_ld=yes
lt_cv_sys_global_symbol_pipe='sed -n -e '\''s/^.*[	 ]\([ABCDGIRSTW][ABCDGIRSTW]*\)[	 ][	 ]*\([_A-Za-z][_A-Za-z0-9]*\)$/\1 \2 \2/p'\'''
lt_cv_sys_global_symbol_to_c_name_address='sed -n -e '\''s/^: \([^ ]*\) $/  {\"\1\", (void *) 0},/p'\'' -e '\''s/^[ABCDGIRSTW]* \([^ ]*\) \([^ ]*\)$/  {"\2", (void *) \&\2},/p'\'''
lt_cv_sys_global_symbol_to_c_name_address_lib_prefix='sed -n -e '\''s/^: \([^ ]*\) $/  {\"\1\", (void *) 0},/p'\'' -e '\''s/^[ABCDGIRSTW]* \([^ ]*\) \(lib[^ ]*\)$/  {"\2", (void *) \&\2},/p'\'' -e '\''s/^[ABCDGIRSTW]* \([^ ]*\) \([^ ]*\)$/  {"lib\2", (void *) \&\2},/p'\'''
lt_cv_sys_global_symbol_to_cdecl='sed -n -e '\''s/^T .* \(.*\)$/extern int \1();/p'\'' -e '\''s/^[ABCDGIRSTW]* .* \(.*\)$/extern char \1;/p'\'''
lt_cv_sys_max_cmd_len=1966080

## ----------------- ##
## Output variables. ##
## ----------------- ##

ACLOCAL='${SHELL} /users/npingel/FLAG/bf/repos/FLAG-Beamformer-Simulator-I/FLAG-Beamformer-SimulatorI-bare/config/missing --run aclocal-1.11'
AMDEPBACKSLASH='\'
AMDEP_FALSE='#'
AMDEP_TRUE=''
AMTAR='${SHELL} /users/npingel/FLAG/bf/repos/FLAG-Beamformer-Simulator-I/FLAG-Beamformer-SimulatorI-bare/config/missing --run tar'
AM_BACKSLASH='\'
AM_DEFAULT_VERBOSITY='0'
AR='ar'
AUTOCONF='${SHELL} /users/npingel/FLAG/bf/repos/FLAG-Beamformer-Simulator-I/FLAG-Beamformer-SimulatorI-bare/config/missing --run autoconf'
AUTOHEADER='${SHELL} /users/npingel/FLAG/bf/repos/FLAG-Beamformer-Simulator-I/FLAG-Beamformer-SimulatorI-bare/config/missing --run autoheader'
AUTOMAKE='${SHELL} /users/npingel/FLAG/bf/repos/FLAG-Beamformer-Simulator-I/FLAG-Beamformer-SimulatorI-bare/config/missing --run automake-1.11'
AWK='gawk'
CC='gcc'
CCDEPMODE='depmode=gcc3'
CFLAGS='-g -O2'
CPP='gcc -E'
CPPFLAGS=''
CYGPATH_W='echo'
DEFS='-DHAVE_CONFIG_H'
DEPDIR='.deps'
DSYMUTIL=''
DUMPBIN=''
ECHO_C=''
ECHO_N='-n'
ECHO_T=''
EGREP='/bin/grep -E'
EXEEXT=''
FGREP='/bin/grep -F'
GREP='/bin/grep'
HASHPIPE_INCDIR='/users/npingel/FLAG/bf/hash/include'
HASHPIPE_LIBDIR='/users/npingel/FLAG/bf/hash/lib'
INSTALL_DATA='${INSTALL} -m 644'
INSTALL_PROGRAM='${INSTALL}'
INSTALL_SCRIPT='${INSTALL}'
INSTALL_STRIP_PROGRAM='$(install_sh) -c -s'
LD='/usr/bin/ld -m elf_x86_64'
LDFLAGS=''
LIBOBJS=''
LIBS='-lz -lrt -lpthread '
LIBTOOL='$(SHELL) $(top_builddir)/libtool'
LIPO=''
LN_S='ln -s'
LTLIBOBJS=''
MAKEINFO='${SHELL} /users/npingel/FLAG/bf/repos/FLAG-Beamformer-Simulator-I/FLAG-Beamformer-SimulatorI-bare/config/missing --run makeinfo'
MKDIR_P='/bin/mkdir -p'
NM='/usr/bin/nm -B'
NMEDIT=''
OBJDUMP='objdump'
OBJEXT='o'
OTOOL64=''
OTOOL=''
PACKAGE='full-package-name'
PACKAGE_BUGREPORT='BUG-REPORT-ADDRESS'
PACKAGE_NAME='FULL-PACKAGE-NAME'
PACKAGE_STRING='FULL-PACKAGE-NAME VERSION'
PACKAGE_TARNAME='full-package-name'
PACKAGE_VERSION='VERSION'
PATH_SEPARATOR=':'
RANLIB='ranlib'
SED='/bin/sed'
SET_MAKE=''
SHELL='/bin/sh'
STRIP='strip'
VERSION='VERSION'
ac_ct_CC='gcc'
ac_ct_DUMPBIN=''
am__EXEEXT_FALSE=''
am__EXEEXT_TRUE='#'
am__fastdepCC_FALSE='#'
am__fastdepCC_TRUE=''
am__include='include'
am__isrc=' -I$(srcdir)'
am__leading_dot='.'
am__quote=''
am__tar='${AMTAR} chof - "$$tardir"'
am__untar='${AMTAR} xf -'
bindir='${exec_prefix}/bin'
build='x86_64-unknown-linux-gnu'
build_alias=''
build_cpu='x86_64'
build_os='linux-gnu'
build_vendor='unknown'
datadir='${datarootdir}'
datarootdir='${prefix}/share'
docdir='${datarootdir}/doc/${PACKAGE_TARNAME}'
dvidir='${docdir}'
exec_prefix='${prefix}'
host='x86_64-unknown-linux-gnu'
host_alias=''
host_cpu='x86_64'
host_os='linux-gnu'
host_vendor='unknown'
htmldir='${docdir}'
includedir='${prefix}/include'
infodir='${datarootdir}/info'
install_sh='${SHELL} /users/npingel/FLAG/bf/repos/FLAG-Beamformer-Simulator-I/FLAG-Beamformer-SimulatorI-bare/config/install-sh'
libdir='${exec_prefix}/lib'
libexecdir='${exec_prefix}/libexec'
localedir='${datarootdir}/locale'
localstatedir='${prefix}/var'
lt_ECHO='echo'
mandir='${datarootdir}/man'
mkdir_p='/bin/mkdir -p'
oldincludedir='/usr/include'
pdfdir='${docdir}'
prefix='/users/npingel/FLAG/bf/hash'
program_transform_name='s,x,x,'
psdir='${docdir}'
sbindir='${exec_prefix}/sbin'
sharedstatedir='${prefix}/com'
sysconfdir='${prefix}/etc'
target_alias=''

## ----------- ##
## confdefs.h. ##
## ----------- ##

#define PACKAGE_NAME "FULL-PACKAGE-NAME"
#define PACKAGE_TARNAME "full-package-name"
#define PACKAGE_VERSION "VERSION"
#define PACKAGE_STRING "FULL-PACKAGE-NAME VERSION"
#define PACKAGE_BUGREPORT "BUG-REPORT-ADDRESS"
#define STDC_HEADERS 1
#define HAVE_SYS_TYPES_H 1
#define HAVE_SYS_STAT_H 1
#define HAVE_STDLIB_H 1
#define HAVE_STRING_H 1
#define HAVE_MEMORY_H 1
#define HAVE_STRINGS_H 1
#define HAVE_INTTYPES_H 1
#define HAVE_STDINT_H 1
#define HAVE_UNISTD_H 1
#define HAVE_DLFCN_H 1
#define LT_OBJDIR ".libs/"
#define PACKAGE "full-package-name"
#define VERSION "VERSION"
#define HAVE_LIBPTHREAD 1
#define HAVE_LIBRT 1
#define HAVE_LIBZ 1
#define HAVE_NETDB_H 1
#define HAVE_STDINT_H 1
#define HAVE_STDLIB_H 1
#define HAVE_STRING_H 1
#define HAVE_SYS_SOCKET_H 1
#define HAVE_SYS_TIME_H 1
#define HAVE_UNISTD_H 1
#define HAVE_ZLIB_H 1
#define HAVE_STDLIB_H 1
#define HAVE_MALLOC 1
#define HAVE_CLOCK_GETTIME 1
#define HAVE_MEMSET 1
#define HAVE_SOCKET 1
#define HAVE_CRC32 1

configure: exit 0
